<?xml version="1.0" encoding="UTF-8"?>
<testsuite name="whiteBox" tests="1" skipped="0" failures="0" errors="0" timestamp="2020-07-23T15:15:49" hostname="user-W65-67SF" time="0.001">
  <properties/>
  <testcase name="test1" classname="whiteBox" time="0.001"/>
  <system-out><![CDATA[]]></system-out>
  <system-err><![CDATA[]]></system-err>
</testsuite>
