<?xml version="1.0" encoding="UTF-8"?>
<testsuite name="ModelTest.ModelTest" tests="4" skipped="0" failures="0" errors="0" timestamp="2020-07-23T15:15:55" hostname="user-W65-67SF" time="0.041">
  <properties/>
  <testcase name="testSettings[0]" classname="ModelTest.ModelTest" time="0.006"/>
  <testcase name="testSettings[1]" classname="ModelTest.ModelTest" time="0.003"/>
  <testcase name="testSettings[2]" classname="ModelTest.ModelTest" time="0.0"/>
  <testcase name="testSettings[3]" classname="ModelTest.ModelTest" time="0.022"/>
  <system-out><![CDATA[Saving Json at : src/main/resources/testConfig.json
]]></system-out>
  <system-err><![CDATA[]]></system-err>
</testsuite>
